\BOOKMARK [1][-]{section.1}{\376\377\137\025\212\000}{}% 1
\BOOKMARK [1][-]{section.2}{\376\377\166\370\121\163\135\345\117\134}{}% 2
\BOOKMARK [1][-]{section.3}{\376\377\174\373\176\337\151\202\211\310}{}% 3
\BOOKMARK [2][-]{subsection.3.1}{\376\377\146\172\200\375\117\123\171\076\177\244}{section.3}% 4
\BOOKMARK [2][-]{subsection.3.2}{\376\377\121\154\123\370\176\247\135\345\117\134\155\101\162\266\140\001\147\072}{section.3}% 5
\BOOKMARK [2][-]{subsection.3.3}{\376\377\155\367\124\010\143\250\164\006\116\016\170\154\230\316\143\247\225\350}{section.3}% 6
\BOOKMARK [2][-]{subsection.3.4}{\376\377\122\250\140\001\155\101\122\250\140\047\150\041\121\306}{section.3}% 7
\BOOKMARK [1][-]{section.4}{\376\377\145\160\143\156\116\016\230\204\131\004\164\006}{}% 8
\BOOKMARK [2][-]{subsection.4.1}{\376\377\136\002\127\072\145\160\143\156\134\102}{section.4}% 9
\BOOKMARK [2][-]{subsection.4.2}{\376\377\145\260\225\373\116\016\140\305\176\352\213\355\145\231}{section.4}% 10
\BOOKMARK [2][-]{subsection.4.3}{\376\377\133\217\211\302\167\345\213\306\136\223}{section.4}% 11
\BOOKMARK [2][-]{subsection.4.4}{\376\377\143\007\116\344\137\256\214\003\213\355\145\231}{section.4}% 12
\BOOKMARK [1][-]{section.5}{\376\377\145\271\154\325}{}% 13
\BOOKMARK [2][-]{subsection.5.1}{\376\377\000J\000S\000O\000N\000\040\131\121\176\246\150\041\232\214}{section.5}% 14
\BOOKMARK [2][-]{subsection.5.2}{\376\377\227\142\124\021\133\217\211\302\123\206\123\362\166\204\150\300\175\042\130\236\137\072}{section.5}% 15
\BOOKMARK [2][-]{subsection.5.3}{\376\377\155\101\122\250\140\047\116\016\166\370\121\163\140\047\213\312\145\255}{section.5}% 16
\BOOKMARK [1][-]{section.6}{\376\377\133\236\232\214\213\304\117\060}{}% 17
\BOOKMARK [2][-]{subsection.6.1}{\376\377\213\276\177\156}{section.6}% 18
\BOOKMARK [2][-]{subsection.6.2}{\376\377\221\317\123\026\176\323\147\234}{section.6}% 19
\BOOKMARK [2][-]{subsection.6.3}{\376\377\133\232\140\047\122\006\147\220}{section.6}% 20
\BOOKMARK [2][-]{subsection.6.4}{\376\377\155\210\207\215\215\357\176\277\126\376}{section.6}% 21
\BOOKMARK [2][-]{subsection.6.5}{\376\377\116\272\174\173\123\302\116\016\166\204\232\214\213\301\204\335\126\376}{section.6}% 22
\BOOKMARK [1][-]{section.7}{\376\377\213\250\213\272}{}% 23
\BOOKMARK [2][-]{subsection.7.1}{\376\377\134\100\226\120}{section.7}% 24
\BOOKMARK [2][-]{subsection.7.2}{\376\377\171\076\117\032\116\016\117\046\164\006\200\003\221\317}{section.7}% 25
\BOOKMARK [2][-]{subsection.7.3}{\376\377\123\357\131\015\163\260\140\047\156\005\123\125}{section.7}% 26
\BOOKMARK [2][-]{subsection.7.4}{\376\377\131\032\215\104\116\247\142\151\134\125\213\241\122\022}{section.7}% 27
\BOOKMARK [1][-]{section.8}{\376\377\176\323\213\272}{}% 28
